CREATE: wiki/resorts/maldives_resort_booking_directory.md ← agoda-maldive-islands-hotels.md
CREATE: wiki/resorts/meeru_maldives_resort.md ← agoda-maldive-islands-hotels.md
CREATE: wiki/planning/dusit_thani_maldives.md ← agoda-maldive-islands-hotels.md
CREATE: wiki/planning/huvafen_fushi_maldives.md ← agoda-maldive-islands-hotels.md
CREATE: wiki/planning/maldives_accommodation_overview.md ← agoda-maldives-district-hotels.md
CREATE: wiki/atolls/maafushi_island.md ← agoda-maldives-district-hotels.md
CREATE: wiki/atolls/south_ari_atoll.md ← agoda-maldives-district-hotels.md
CREATE: wiki/resorts/luxury_resorts.md ← agoda-maldives-district-hotels.md
CREATE: wiki/resorts/budget_guesthouses.md ← agoda-maldives-district-hotels.md
CREATE: wiki/planning/seaplane_and_speedboat_transport.md ← agoda-maldives-district-hotels.md
CREATE: wiki/planning/maldives_transfer_services.md ← atoll-transfer-faq.md
CREATE: wiki/planning/seaplane_transport.md ← atoll-transfer-faq.md
CREATE: wiki/planning/maldives_transportation_planning.md ← atoll-transfer-faq.md
CREATE: wiki/planning/velana_international_airport.md ← atoll-transfer-velana-international-airport.md
CREATE: wiki/atolls/local_island_living_in_the_maldives.md ← atolls-a-dozen-ways-to-live-like-a-local.md
CREATE: wiki/planning/maldivian_cuisine_and_food_culture.md ← atolls-a-dozen-ways-to-live-like-a-local.md
CREATE: wiki/planning/budget_friendly_maldives_travel.md ← atolls-a-dozen-ways-to-live-like-a-local.md
CREATE: wiki/atolls/island_activities_and_recreation.md ← atolls-a-dozen-ways-to-live-like-a-local.md
CREATE: wiki/atolls/island_community_experiences.md ← atolls-a-dozen-ways-to-live-like-a-local.md
CREATE: wiki/atolls/addu_atoll_gastronomy.md ← atolls-addu-gastronomy.md
CREATE: wiki/atolls/ari_atoll.md ← atolls-ari-atoll-connectivity.md
CREATE: wiki/planning/speedboat_transport.md ← atolls-ari-atoll-connectivity.md
MERGE: wiki/planning/seaplane_transport.md ← atolls-ari-atoll-connectivity.md
CREATE: wiki/planning/dhoni_ferry_service.md ← atolls-ari-atoll-connectivity.md
CREATE: wiki/planning/guest_house_culture_in_maldives.md ← atolls-guest-house-culture-in-maldives.md
CREATE: wiki/planning/hedhikaa_traditional_maldivian_snacks.md ← atolls-guest-house-culture-in-maldives.md
CREATE: wiki/atolls/inhabited_islands_tourism.md ← atolls-guest-house-culture-in-maldives.md
CREATE: wiki/planning/monsoon_seasons_in_the_maldives.md ← audley-best-time-to-visit-maldives.md
CREATE: wiki/planning/best_time_to_visit_the_maldives.md ← audley-best-time-to-visit-maldives.md
CREATE: wiki/planning/diving_and_snorkeling_conditions.md ← audley-best-time-to-visit-maldives.md
CREATE: wiki/ecology/whale_shark_and_manta_ray_season.md ← audley-best-time-to-visit-maldives.md
CREATE: wiki/planning/maldives_independence_day.md ← audley-best-time-to-visit-maldives.md
CREATE: wiki/resorts/banyan_tree_vabbinfaru.md ← banyan-tree-vabbinfaru-sustainability.md
CREATE: wiki/ecology/reef_restoration_in_the_maldives.md ← banyan-tree-vabbinfaru-sustainability.md
CREATE: wiki/planning/earthcheck_certification.md ← banyan-tree-vabbinfaru-sustainability.md
CREATE: wiki/resorts/plastic_reduction_in_resorts.md ← banyan-tree-vabbinfaru-sustainability.md
CREATE: wiki/ecology/big_fish_network.md ← big-fish-network-maldives-whale-shark-research.md
CREATE: wiki/planning/liveaboard_diving.md ← bluewater-liveaboard-diving-guide-2026.md
CREATE: wiki/planning/liveaboard_trip_preparation.md ← bluewater-liveaboard-diving-guide-2026.md
CREATE: wiki/planning/maldives_diving.md ← bluewater-liveaboard-diving-guide-2026.md
CREATE: wiki/planning/dive_safety.md ← bluewater-liveaboard-diving-guide-2026.md
CREATE: wiki/planning/advanced_diving_certifications.md ← bluewater-liveaboard-diving-guide-2026.md
CREATE: wiki/resorts/maldives_resort_booking_overview.md ← booking-maldives-resorts.md
CREATE: wiki/atolls/kaafu_atoll.md ← booking-maldives-resorts.md
MERGE: wiki/atolls/ari_atoll.md ← booking-maldives-resorts.md
CREATE: wiki/atolls/baa_atoll.md ← booking-maldives-resorts.md
MERGE: wiki/atolls/maafushi_island.md ← booking-maldives-resorts.md
CREATE: wiki/planning/furaveri_maldives.md ← booking-maldives-resorts.md
CREATE: wiki/atolls/lux_south_ari_atoll.md ← booking-maldives-resorts.md
CREATE: wiki/resorts/arena_beach_hotel.md ← booking-maldives-resorts.md
SKIP: budget-maldives-local-islands-and-guesthouses.md
CREATE: wiki/ecology/maldives_climate_and_seasons.md ← club-med-best-time-to-visit-maldives.md
CREATE: wiki/planning/monsoon_seasons.md ← club-med-best-time-to-visit-maldives.md
MERGE: wiki/planning/best_time_to_visit_the_maldives.md ← club-med-best-time-to-visit-maldives.md
CREATE: wiki/planning/diving_and_snorkeling_in_the_maldives.md ← club-med-best-time-to-visit-maldives.md
CREATE: wiki/planning/water_sports_in_the_maldives.md ← club-med-best-time-to-visit-maldives.md
CREATE: wiki/planning/budget_travel_to_the_maldives.md ← club-med-best-time-to-visit-maldives.md
CREATE: wiki/planning/luxury_travel_in_the_maldives.md ← club-med-best-time-to-visit-maldives.md
CREATE: wiki/planning/family_travel_to_the_maldives.md ← club-med-best-time-to-visit-maldives.md
SKIP: conde-nast-traveler-best-hotels-in-the-maldives.md
CREATE: wiki/planning/dry_season_november_to_april.md ← conde-nast-traveler-best-time-to-visit-maldives.md
CREATE: wiki/planning/wet_season_may_to_october.md ← conde-nast-traveler-best-time-to-visit-maldives.md
CREATE: wiki/planning/shoulder_seasons.md ← conde-nast-traveler-best-time-to-visit-maldives.md
CREATE: wiki/planning/christmas_and_new_year_season.md ← conde-nast-traveler-best-time-to-visit-maldives.md
CREATE: wiki/planning/budget_travel_planning.md ← conde-nast-traveler-best-time-to-visit-maldives.md
CREATE: wiki/planning/snorkeling_and_diving_conditions.md ← conde-nast-traveler-best-time-to-visit-maldives.md
CREATE: wiki/atolls/marine_life_seasons.md ← conde-nast-traveler-best-time-to-visit-maldives.md
CREATE: wiki/ecology/maldives_climate_overview.md ← conde-nast-traveler-best-time-to-visit-maldives.md
CREATE: wiki/planning/culture_trip_maldives_hub.md ← culture-trip-maldives-guides-and-trips.md
CREATE: wiki/planning/sustainable_travel_in_the_maldives.md ← culture-trip-maldives-guides-and-trips.md
CREATE: wiki/planning/sea_of_stars.md ← culture-trip-maldives-guides-and-trips.md
CREATE: wiki/resorts/maldives_resorts_and_accommodations.md ← culture-trip-maldives-guides-and-trips.md
CREATE: wiki/planning/maldives_activities_and_experiences.md ← culture-trip-maldives-guides-and-trips.md
CREATE: wiki/resorts/maldives_guesthouses.md ← dreaming-of-maldives-guesthouses.md
CREATE: wiki/atolls/ukulhas_island.md ← dreaming-of-maldives-guesthouses.md
CREATE: wiki/atolls/dhigurah_island.md ← dreaming-of-maldives-guesthouses.md
MERGE: wiki/atolls/maafushi_island.md ← dreaming-of-maldives-guesthouses.md
CREATE: wiki/atolls/utheemu_island.md ← dreaming-of-maldives-guesthouses.md
CREATE: wiki/atolls/local_island_communities.md ← dreaming-of-maldives-guesthouses.md
CREATE: wiki/planning/sustainable_tourism_maldives.md ← dreaming-of-maldives-guesthouses.md
CREATE: wiki/resorts/four_seasons_maldives_landaa_giraavaru.md ← earthcheck-four-seasons-maldives-sustainable-luxury.md
CREATE: wiki/resorts/four_seasons_maldives_kuda_huraa.md ← earthcheck-four-seasons-maldives-sustainable-luxury.md
CREATE: wiki/ecology/coral_restoration_in_the_maldives.md ← earthcheck-four-seasons-maldives-sustainable-luxury.md
CREATE: wiki/ecology/sea_turtle_conservation_in_the_maldives.md ← earthcheck-four-seasons-maldives-sustainable-luxury.md
CREATE: wiki/resorts/four_seasons_apprenticeship_program_maldives.md ← earthcheck-four-seasons-maldives-sustainable-luxury.md
CREATE: wiki/planning/sustainable_luxury_tourism.md ← earthcheck-four-seasons-maldives-sustainable-luxury.md
MERGE: wiki/planning/earthcheck_certification.md ← earthcheck-four-seasons-maldives-sustainable-luxury.md
CREATE: wiki/atolls/marine_discovery_centres.md ← earthcheck-four-seasons-maldives-sustainable-luxury.md
MERGE: wiki/planning/monsoon_seasons_in_the_maldives.md ← enchanting-travels-best-time-to-visit-maldives-by-month.md
CREATE: wiki/planning/best_time_to_visit_by_month.md ← enchanting-travels-best-time-to-visit-maldives-by-month.md
MERGE: wiki/planning/diving_and_snorkeling_conditions.md ← enchanting-travels-best-time-to-visit-maldives-by-month.md
CREATE: wiki/atolls/water_visibility_and_marine_life.md ← enchanting-travels-best-time-to-visit-maldives-by-month.md
CREATE: wiki/atolls/marine_wildlife_viewing.md ← enchanting-travels-best-time-to-visit-maldives-by-month.md
CREATE: wiki/planning/water_sports_activities.md ← enchanting-travels-best-time-to-visit-maldives-by-month.md
CREATE: wiki/resorts/resort_pricing_by_season.md ← enchanting-travels-best-time-to-visit-maldives-by-month.md
CREATE: wiki/atolls/popular_atolls_and_islands.md ← enchanting-travels-best-time-to-visit-maldives-by-month.md
CREATE: wiki/planning/budget_accommodation_in_the_maldives.md ← etravelsim-most-affordable-hotels-maldives.md
CREATE: wiki/planning/shoulder_season_travel.md ← etravelsim-most-affordable-hotels-maldives.md
CREATE: wiki/atolls/local_islands_vs_private_resorts.md ← etravelsim-most-affordable-hotels-maldives.md
CREATE: wiki/planning/budget_travel_planning_for_the_maldives.md ← etravelsim-most-affordable-hotels-maldives.md
CREATE: wiki/ecology/reef_fish_resources_survey.md ← fao-reef-fish-resources-survey-maldives.md
CREATE: wiki/atolls/north_malé_atoll.md ← fao-reef-fish-resources-survey-maldives.md
CREATE: wiki/ecology/maldives_fisheries.md ← fao-reef-fish-resources-survey-maldives.md
CREATE: wiki/resorts/luxury_resorts_in_the_maldives.md ← forbes-travel-guide-maldives-luxury-hotels.md
CREATE: wiki/resorts/responsible_hospitality_in_maldives_resorts.md ← forbes-travel-guide-maldives-luxury-hotels.md
CREATE: wiki/planning/best_time_to_visit_maldives.md ← goway-best-time-to-visit-maldives.md
CREATE: wiki/planning/monsoon_seasons_in_maldives.md ← goway-best-time-to-visit-maldives.md
CREATE: wiki/planning/maldives_for_foodies.md ← goway-best-time-to-visit-maldives.md
CREATE: wiki/atolls/romantic_maldives_island_hopping.md ← goway-best-time-to-visit-maldives.md
CREATE: wiki/planning/kerala_and_maldives_combined_tour.md ← goway-best-time-to-visit-maldives.md
CREATE: wiki/planning/green_globe_certification.md ← green-globe-maldives-certification-members.md
CREATE: wiki/planning/green_globe_platinum_members_maldives.md ← green-globe-maldives-certification-members.md
CREATE: wiki/planning/green_globe_gold_members_maldives.md ← green-globe-maldives-certification-members.md
CREATE: wiki/ecology/coral_bleaching_in_the_maldives.md ← iucn-coral-bleaching-maldives-2016.md
CREATE: wiki/planning/maldives.md ← lonely-planet-maldives-destination-guide.md
CREATE: wiki/planning/male.md ← lonely-planet-maldives-destination-guide.md
CREATE: wiki/planning/thilafushi.md ← lonely-planet-maldives-destination-guide.md
CREATE: wiki/planning/maldives_travel_planning.md ← lonely-planet-maldives-destination-guide.md
MERGE: wiki/planning/velana_international_airport.md ← maldives-airport-velana-international-airport.md
CREATE: wiki/planning/noovilu_seaplane_terminal.md ← maldives-airport-velana-international-airport.md
CREATE: wiki/planning/seaplane_transfers.md ← maldives-airport-velana-international-airport.md
CREATE: wiki/planning/visa_and_entry_requirements.md ← maldives-complete-travel-guide.md
MERGE: wiki/planning/velana_international_airport.md ← maldives-complete-travel-guide.md
CREATE: wiki/atolls/local_islands_vs_resort_islands.md ← maldives-complete-travel-guide.md
CREATE: wiki/planning/local_customs_and_dress_codes.md ← maldives-complete-travel-guide.md
CREATE: wiki/planning/maldivian_currency_and_payments.md ← maldives-complete-travel-guide.md
CREATE: wiki/planning/liveaboards.md ← maldives-complete-travel-guide.md
CREATE: wiki/planning/dress_code_in_the_maldives.md ← maldives-how-to-dress-in-the-maldives.md
CREATE: wiki/planning/packing_for_the_maldives.md ← maldives-things-to-pack-for-the-maldives.md
CREATE: wiki/planning/sun_protection_in_the_maldives.md ← maldives-things-to-pack-for-the-maldives.md
CREATE: wiki/ecology/maldives_whale_shark_research_programme.md ← maldives-whale-shark-research-programme-home.md
MERGE: wiki/ecology/maldives_whale_shark_research_programme.md ← maldives-whale-shark-research-programme-research-overview.md
CREATE: wiki/atolls/south_ari_marine_protected_area.md ← maldives-whale-shark-research-programme-research-overview.md
CREATE: wiki/ecology/whale_shark_conservation.md ← maldives-whale-shark-research-programme-research-overview.md
CREATE: wiki/planning/hanifaru_bay.md ← manta-trust-armstrong-et-al-2021-hanifaru-bay.md
CREATE: wiki/ecology/reef_manta_ray_feeding_behavior.md ← manta-trust-armstrong-et-al-2021-hanifaru-bay.md
CREATE: wiki/planning/zooplankton_dynamics.md ← manta-trust-armstrong-et-al-2021-hanifaru-bay.md
CREATE: wiki/ecology/manta_trust_research.md ← manta-trust-armstrong-et-al-2021-hanifaru-bay.md
CREATE: wiki/ecology/manta_trust.md ← manta-trust-home.md
CREATE: wiki/ecology/manta_ray_conservation.md ← manta-trust-home.md
MERGE: wiki/planning/hanifaru_bay.md ← manta-trust-learning-about-zooplankton-hanifaru-bay.md
MERGE: wiki/ecology/manta_ray_conservation.md ← manta-trust-learning-about-zooplankton-hanifaru-bay.md
CREATE: wiki/atolls/zooplankton_and_marine_nutrition.md ← manta-trust-learning-about-zooplankton-hanifaru-bay.md
CREATE: wiki/planning/southwest_monsoon.md ← manta-trust-learning-about-zooplankton-hanifaru-bay.md
CREATE: wiki/planning/maldives_seasonal_guide.md ← mw-tourism-best-time-to-visit-maldives-seasonal-guide.md
CREATE: wiki/planning/sea_of_stars_phenomenon.md ← mw-tourism-best-time-to-visit-maldives-seasonal-guide.md
CREATE: wiki/planning/romantic_experiences_in_the_maldives.md ← mw-tourism-best-time-to-visit-maldives-seasonal-guide.md
CREATE: wiki/atolls/vaadhoo_island.md ← mw-tourism-best-time-to-visit-maldives-seasonal-guide.md
CREATE: wiki/planning/maldives_overview.md ← national-geographic-maldives-travel-guide.md
CREATE: wiki/planning/scuba_diving_in_maldives.md ← national-geographic-maldives-travel-guide.md
CREATE: wiki/ecology/climate_change_in_maldives.md ← national-geographic-maldives-travel-guide.md
CREATE: wiki/planning/solo_travel_to_maldives.md ← national-geographic-maldives-travel-guide.md
CREATE: wiki/planning/wellness_and_retreat_tourism.md ← national-geographic-maldives-travel-guide.md
CREATE: wiki/atolls/coastal_flooding_and_sea_level_rise_in_atolls.md ← nature-coastal-flooding-and-sea-level-rise-allowances-atoll-island.md
CREATE: wiki/planning/sea_level_rise_impacts.md ← nature-coastal-flooding-and-sea-level-rise-allowances-atoll-island.md
CREATE: wiki/ecology/climate_change_adaptation_strategies.md ← nature-coastal-flooding-and-sea-level-rise-allowances-atoll-island.md
CREATE: wiki/ecology/global_coral_bleaching_2014_2017.md ← noaa-coral-reef-watch-global-coral-bleaching-2014-2017-status.md
CREATE: wiki/ecology/noaa_coral_reef_watch_monitoring.md ← noaa-coral-reef-watch-global-coral-bleaching-2014-2017-status.md
CREATE: wiki/ecology/indian_ocean_coral_ecosystems.md ← noaa-coral-reef-watch-global-coral-bleaching-2014-2017-status.md
MERGE: wiki/ecology/noaa_coral_reef_watch_monitoring.md ← noaa-coral-reef-watch-maldives-gauge.md
MERGE: wiki/ecology/coral_bleaching_in_the_maldives.md ← noaa-coral-reef-watch-maldives-gauge.md
CREATE: wiki/ecology/thermal_stress_and_reef_health.md ← noaa-coral-reef-watch-maldives-gauge.md
CREATE: wiki/ecology/fourth_global_coral_bleaching_event.md ← noaa-fourth-global-coral-bleaching-event.md
CREATE: wiki/ecology/coral_reef_watch_monitoring.md ← noaa-fourth-global-coral-bleaching-event.md
CREATE: wiki/planning/maldives_seasonal_travel_guide.md ← oaga-resorts-best-season-to-travel-maldives.md
CREATE: wiki/planning/peak_season_decemberfebruary.md ← oaga-resorts-best-season-to-travel-maldives.md
CREATE: wiki/planning/off_season_maynovember.md ← oaga-resorts-best-season-to-travel-maldives.md
CREATE: wiki/planning/shoulder_season_marchapril.md ← oaga-resorts-best-season-to-travel-maldives.md
CREATE: wiki/planning/diving_in_the_maldives.md ← padi-diving-in-the-maldives.md
CREATE: wiki/atolls/atoll_diving_techniques.md ← padi-diving-in-the-maldives.md
MERGE: wiki/planning/monsoon_seasons.md ← padi-diving-in-the-maldives.md
MERGE: wiki/ecology/manta_ray_conservation.md ← padi-diving-in-the-maldives.md
CREATE: wiki/ecology/whale_shark_encounters.md ← padi-diving-in-the-maldives.md
MERGE: wiki/planning/liveaboard_diving.md ← padi-diving-in-the-maldives.md
SKIP: pickyourtrail-maldives-tourism-guide.md
CREATE: wiki/atolls/coral_reef_community_change_in_maldivian_atolls.md ← pmc-patterns-of-change-coral-reef-communities-maldivian-atoll.md
MERGE: wiki/ecology/coral_bleaching_in_the_maldives.md ← pmc-patterns-of-change-coral-reef-communities-maldivian-atoll.md
CREATE: wiki/ecology/climate_change_impacts_on_maldivian_reefs.md ← pmc-patterns-of-change-coral-reef-communities-maldivian-atoll.md
CREATE: wiki/ecology/local_human_impacts_on_maldivian_reefs.md ← pmc-patterns-of-change-coral-reef-communities-maldivian-atoll.md
CREATE: wiki/planning/sustainable_tourism_in_the_maldives.md ← pmc-patterns-of-change-coral-reef-communities-maldivian-atoll.md
CREATE: wiki/ecology/reef_recovery_and_resilience.md ← pmc-patterns-of-change-coral-reef-communities-maldivian-atoll.md
MERGE: wiki/planning/monsoon_seasons.md ← responsible-vacation-best-time-to-visit-maldives.md
CREATE: wiki/planning/dry_season_december_april.md ← responsible-vacation-best-time-to-visit-maldives.md
CREATE: wiki/planning/rainy_season_may_november.md ← responsible-vacation-best-time-to-visit-maldives.md
CREATE: wiki/ecology/sea_turtle_conservation.md ← responsible-vacation-best-time-to-visit-maldives.md
CREATE: wiki/planning/surfing.md ← responsible-vacation-best-time-to-visit-maldives.md
CREATE: wiki/planning/diving_and_snorkeling.md ← responsible-vacation-best-time-to-visit-maldives.md
CREATE: wiki/atolls/marine_wildlife.md ← responsible-vacation-best-time-to-visit-maldives.md
CREATE: wiki/ecology/manta_rays.md ← responsible-vacation-best-time-to-visit-maldives.md
MERGE: wiki/ecology/whale_shark_conservation.md ← responsible-vacation-best-time-to-visit-maldives.md
CREATE: wiki/planning/tourism_seasons.md ← responsible-vacation-best-time-to-visit-maldives.md
MERGE: wiki/planning/maldives_overview.md ← rough-guides-maldives-travel-guide.md
MERGE: wiki/planning/diving_and_snorkeling_in_the_maldives.md ← rough-guides-maldives-travel-guide.md
CREATE: wiki/planning/travel_planning_to_the_maldives.md ← rough-guides-maldives-travel-guide.md
CREATE: wiki/ecology/coral_resilience_in_maldivian_reefs.md ← sciencedirect-coral-resilience-maldives-19-years.md
CREATE: wiki/planning/rasdhoo_madivaru.md ← sciencedirect-coral-resilience-maldives-19-years.md
CREATE: wiki/ecology/reef_check_monitoring.md ← sciencedirect-coral-resilience-maldives-19-years.md
CREATE: wiki/planning/scuba_diving_in_the_maldives.md ← scuba-diving-guide-to-maldives.md
MERGE: wiki/ecology/whale_shark_and_manta_ray_season.md ← scuba-diving-guide-to-maldives.md
MERGE: wiki/planning/liveaboard_diving.md ← scuba-diving-guide-to-maldives.md
CREATE: wiki/planning/maldives_practical_travel_information.md ← scuba-diving-guide-to-maldives.md
CREATE: wiki/atolls/island_types_and_access_in_the_maldives.md ← secret-paradise-maldives-top-10-travel-questions.md
CREATE: wiki/planning/dress_codes_and_cultural_respect.md ← secret-paradise-maldives-top-10-travel-questions.md
CREATE: wiki/atolls/local_island_etiquette.md ← secret-paradise-maldives-top-10-travel-questions.md
CREATE: wiki/planning/packing_and_import_restrictions.md ← secret-paradise-maldives-top-10-travel-questions.md
CREATE: wiki/planning/alcohol_regulations_in_the_maldives.md ← secret-paradise-maldives-top-10-travel-questions.md
CREATE: wiki/planning/natural_phenomena_and_environmental_awareness.md ← secret-paradise-maldives-top-10-travel-questions.md
CREATE: wiki/atolls/six_senses_laamu.md ← six-senses-laamu-sustainability.md
CREATE: wiki/planning/maldives_underwater_initiative.md ← six-senses-laamu-sustainability.md
MERGE: wiki/ecology/coral_restoration_in_the_maldives.md ← six-senses-laamu-sustainability.md
CREATE: wiki/planning/seagrass_conservation.md ← six-senses-laamu-sustainability.md
CREATE: wiki/planning/hope_spot.md ← six-senses-laamu-sustainability.md
CREATE: wiki/ecology/sustainable_fishing_practices.md ← six-senses-laamu-sustainability.md
CREATE: wiki/atolls/laamu_atoll.md ← six-senses-laamu-sustainability.md
CREATE: wiki/ecology/coral_reef_fishery_central_maldives.md ← smithsonian-status-coral-reef-fishery-central-maldives.md
CREATE: wiki/ecology/sustainable_fisheries_management.md ← smithsonian-status-coral-reef-fishery-central-maldives.md
CREATE: wiki/planning/tourism_impact_on_maldives.md ← smithsonian-status-coral-reef-fishery-central-maldives.md
CREATE: wiki/ecology/reef_ecosystem_health.md ← smithsonian-status-coral-reef-fishery-central-maldives.md
CREATE: wiki/resorts/soneva.md ← soneva-sustainable-hospitality-alliance-membership.md
CREATE: wiki/resorts/soneva_fushi.md ← soneva-sustainable-hospitality-alliance-membership.md
CREATE: wiki/resorts/soneva_jani.md ← soneva-sustainable-hospitality-alliance-membership.md
CREATE: wiki/resorts/soneva_secret.md ← soneva-sustainable-hospitality-alliance-membership.md
CREATE: wiki/resorts/soneva_foundation_coral_restoration.md ← soneva-sustainable-hospitality-alliance-membership.md
CREATE: wiki/resorts/all_inclusive_resorts_in_the_maldives.md ← travel-and-leisure-best-all-inclusive-resorts-maldives.md
CREATE: wiki/atolls/the_ritz_carlton_maldives_fari_islands.md ← travel-and-leisure-best-all-inclusive-resorts-maldives.md
CREATE: wiki/planning/park_hyatt_maldives_hadahaa.md ← travel-and-leisure-best-all-inclusive-resorts-maldives.md
CREATE: wiki/planning/kudadoo_maldives.md ← travel-and-leisure-best-all-inclusive-resorts-maldives.md
MERGE: wiki/resorts/soneva_fushi.md ← travel-and-leisure-best-all-inclusive-resorts-maldives.md
CREATE: wiki/atolls/conrad_maldives_rangali_island.md ← travel-and-leisure-best-all-inclusive-resorts-maldives.md
CREATE: wiki/planning/outrigger_maldives_maafushivaru.md ← travel-and-leisure-best-all-inclusive-resorts-maldives.md
CREATE: wiki/planning/alila_kothaifaru_maldives.md ← travel-and-leisure-best-all-inclusive-resorts-maldives.md
MERGE: wiki/planning/monsoon_seasons_in_the_maldives.md ← travel-and-leisure-best-time-to-visit-maldives.md
MERGE: wiki/planning/best_time_to_visit_the_maldives.md ← travel-and-leisure-best-time-to-visit-maldives.md
MERGE: wiki/planning/diving_in_the_maldives.md ← travel-and-leisure-best-time-to-visit-maldives.md
CREATE: wiki/planning/surfing_in_the_maldives.md ← travel-and-leisure-best-time-to-visit-maldives.md
CREATE: wiki/planning/water_sports_and_activities.md ← travel-and-leisure-best-time-to-visit-maldives.md
CREATE: wiki/planning/bioluminescent_plankton.md ← travel-and-leisure-best-time-to-visit-maldives.md
CREATE: wiki/planning/accommodation_and_lodging_options.md ← travel-and-leisure-best-time-to-visit-maldives.md
MERGE: wiki/atolls/baa_atoll.md ← travel-and-leisure-best-time-to-visit-maldives.md
CREATE: wiki/atolls/fuvahmulah_atoll.md ← travel-and-leisure-best-time-to-visit-maldives.md
CREATE: wiki/resorts/budget_resorts_in_the_maldives.md ← tripadvisor-cheap-resorts-maldives.md
CREATE: wiki/planning/sun_siyam_iru_fushi.md ← tripadvisor-cheap-resorts-maldives.md
CREATE: wiki/planning/niva_kurumba_maldives.md ← tripadvisor-cheap-resorts-maldives.md
CREATE: wiki/planning/bandos_maldives.md ← tripadvisor-cheap-resorts-maldives.md
CREATE: wiki/planning/maldives_travel_planning_community.md ← tripadvisor-maldives-forum.md
CREATE: wiki/ecology/maldives_climate_vulnerability.md ← undp-maldives-climate-change-adaptation.md
CREATE: wiki/planning/maldives_adaptation_strategy.md ← undp-maldives-climate-change-adaptation.md
CREATE: wiki/ecology/coral_reef_conservation.md ← undp-maldives-climate-change-adaptation.md
CREATE: wiki/ecology/fisheries_sustainability.md ← undp-maldives-climate-change-adaptation.md
CREATE: wiki/ecology/tourism_sustainability.md ← undp-maldives-climate-change-adaptation.md
CREATE: wiki/planning/water_resources_management.md ← undp-maldives-climate-change-adaptation.md
CREATE: wiki/planning/agriculture_and_food_security.md ← undp-maldives-climate-change-adaptation.md
CREATE: wiki/atolls/island_resilience_infrastructure.md ← undp-maldives-climate-change-adaptation.md
CREATE: wiki/planning/coastal_zone_management.md ← undp-maldives-climate-change-adaptation.md
CREATE: wiki/planning/health_and_well_being.md ← undp-maldives-climate-change-adaptation.md
MERGE: wiki/atolls/baa_atoll.md ← unesco-baa-atoll-biosphere-reserve.md
MERGE: wiki/planning/monsoon_seasons.md ← unesco-baa-atoll-biosphere-reserve.md
CREATE: wiki/ecology/coral_reef_ecosystems.md ← unesco-baa-atoll-biosphere-reserve.md
CREATE: wiki/atolls/baa_atoll_biosphere_reserve.md ← visit-maldives-baa-atoll-biosphere-reserve.md
MERGE: wiki/planning/hanifaru_bay.md ← visit-maldives-baa-atoll-biosphere-reserve.md
MERGE: wiki/ecology/manta_ray_conservation.md ← visit-maldives-baa-atoll-biosphere-reserve.md
MERGE: wiki/planning/velana_international_airport.md ← visit-maldives-connectivity.md
CREATE: wiki/planning/domestic_air_transport.md ← visit-maldives-connectivity.md
CREATE: wiki/planning/seaplane_travel.md ← visit-maldives-connectivity.md
CREATE: wiki/planning/speedboat_travel.md ← visit-maldives-connectivity.md
CREATE: wiki/planning/ferry_systems.md ← visit-maldives-connectivity.md
CREATE: wiki/resorts/resort_transfers.md ← visit-maldives-connectivity.md
CREATE: wiki/planning/maldives_transportation_network.md ← visit-maldives-connectivity.md
CREATE: wiki/planning/dhivehi_language_and_thaana_script.md ← visit-maldives-culture-and-traditions.md
CREATE: wiki/planning/traditional_maldivian_boat_dhoni.md ← visit-maldives-culture-and-traditions.md
CREATE: wiki/planning/maldivian_cuisine.md ← visit-maldives-culture-and-traditions.md
CREATE: wiki/planning/maldivian_arts_and_crafts.md ← visit-maldives-culture-and-traditions.md
CREATE: wiki/planning/maldivian_culture_and_traditions.md ← visit-maldives-culture-and-traditions.md
CREATE: wiki/planning/indian_ocean_trade_influences.md ← visit-maldives-culture-and-traditions.md
CREATE: wiki/planning/maldivian_local_cuisine.md ← visit-maldives-eat-like-a-local.md
CREATE: wiki/atolls/local_dining_on_inhabited_islands.md ← visit-maldives-eat-like-a-local.md
CREATE: wiki/ecology/manta_rays_in_the_maldives.md ← visit-maldives-encounters-with-the-majestic-manta-rays.md
CREATE: wiki/resorts/guesthouse_accommodation.md ← visit-maldives-guesthouses-directory.md
CREATE: wiki/planning/maldivian_hospitality.md ← visit-maldives-magic-of-maldivian-hospitality.md
CREATE: wiki/atolls/local_island_accommodation.md ← visit-maldives-magic-of-maldivian-hospitality.md
CREATE: wiki/planning/maldivian_cuisine_and_dining.md ← visit-maldives-magic-of-maldivian-hospitality.md
CREATE: wiki/planning/boduberu_music_and_dance.md ← visit-maldives-magic-of-maldivian-hospitality.md
MERGE: wiki/planning/maldivian_cuisine.md ← visit-maldives-maldivian-cuisine-rich-tastes-and-flavors.md
MERGE: wiki/planning/maldivian_cuisine.md ← visit-maldives-must-try-maldivian-cuisine.md
CREATE: wiki/ecology/sustainable_fishing_in_the_maldives.md ← visit-maldives-must-try-maldivian-cuisine.md
CREATE: wiki/planning/maldives_tourism_overview.md ← visit-maldives-official-tourism-homepage.md
CREATE: wiki/planning/maldives_accommodation_options.md ← visit-maldives-official-tourism-homepage.md
CREATE: wiki/planning/maldives_travel_experiences.md ← visit-maldives-official-tourism-homepage.md
CREATE: wiki/planning/sustainable_tourism_in_maldives.md ← visit-maldives-official-tourism-homepage.md
CREATE: wiki/planning/male_city.md ← visit-maldives-official-tourism-homepage.md
CREATE: wiki/planning/grand_park_kodhipparu_maldives.md ← visit-maldives-official-tourism-homepage.md
MERGE: wiki/ecology/maldives_whale_shark_research_programme.md ← visit-maldives-qa-with-mwsrp.md
MERGE: wiki/ecology/whale_shark_conservation.md ← visit-maldives-qa-with-mwsrp.md
MERGE: wiki/atolls/south_ari_atoll.md ← visit-maldives-qa-with-mwsrp.md
CREATE: wiki/planning/responsible_wildlife_encounters.md ← visit-maldives-qa-with-mwsrp.md
MERGE: wiki/ecology/big_fish_network.md ← visit-maldives-qa-with-mwsrp.md
CREATE: wiki/resorts/radisson_blu_resort_maldives.md ← visit-maldives-radisson-blu-resort-maldives-transfer.md
CREATE: wiki/planning/maldives_transportation_overview.md ← visit-maldives-travel-information.md
MERGE: wiki/planning/velana_international_airport.md ← visit-maldives-travel-information.md
CREATE: wiki/planning/maldives_travel_practicalities.md ← visit-maldives-travel-information.md
MERGE: wiki/planning/budget_accommodation_in_the_maldives.md ← wandering-redhead-maldives-all-budgets.md
CREATE: wiki/resorts/resort_transfer_options.md ← wandering-redhead-maldives-all-budgets.md
MERGE: wiki/atolls/maafushi_island.md ← wandering-redhead-maldives-all-budgets.md
CREATE: wiki/atolls/dhiffushi_island.md ← wandering-redhead-maldives-all-budgets.md
CREATE: wiki/planning/muslim_travel_etiquette_in_maldives.md ← wandering-redhead-maldives-all-budgets.md
CREATE: wiki/resorts/resort_options_by_category.md ← wandering-redhead-maldives-all-budgets.md
CREATE: wiki/atolls/local_island_travel_in_maldives.md ← wandering-redhead-maldives-all-budgets.md
CREATE: wiki/atolls/malé_city.md ← wandering-redhead-maldives-all-budgets.md
SKIP: whimsy-soul-how-to-visit-the-maldives.md
CREATE: wiki/ecology/climate_vulnerability_of_maldives.md ← world-bank-maldives-climate-risk-country-profile.md
CREATE: wiki/planning/sea_level_rise_projections.md ← world-bank-maldives-climate-risk-country-profile.md
CREATE: wiki/planning/beach_erosion_in_maldives.md ← world-bank-maldives-climate-risk-country-profile.md
CREATE: wiki/ecology/climate_adaptation_planning_maldives.md ← world-bank-maldives-climate-risk-country-profile.md
MERGE: wiki/ecology/coral_reef_conservation.md ← world-bank-maldives-climate-risk-country-profile.md
CREATE: wiki/atolls/freshwater_security_in_island_nations.md ← world-bank-maldives-climate-risk-country-profile.md
CREATE: wiki/atolls/safer_island_strategy.md ← world-bank-maldives-climate-risk-country-profile.md
CREATE: wiki/planning/coastal_zone_risk_reduction.md ← world-bank-maldives-climate-risk-country-profile.md
CREATE: wiki/ecology/sea_level_rise_and_coastal_flooding_in_maldives.md ← world-bank-quantitative-risk-assessment-sea-level-rise-coastal-flooding-maldives.md
CREATE: wiki/ecology/maldives_climate_and_development_report.md ← world-bank-quantitative-risk-assessment-sea-level-rise-coastal-flooding-maldives.md
CREATE: wiki/planning/coastal_asset_exposure_in_maldives.md ← world-bank-quantitative-risk-assessment-sea-level-rise-coastal-flooding-maldives.md
CREATE: wiki/ecology/coral_reef_resilience_strategy.md ← world-bank-roadmap-fostering-coral-reef-resilience-maldives.md
CREATE: wiki/ecology/fisheries_management_and_climate_change.md ← world-bank-roadmap-fostering-coral-reef-resilience-maldives.md
CREATE: wiki/atolls/marine_heatwaves_in_the_maldives.md ← world-bank-roadmap-fostering-coral-reef-resilience-maldives.md
CREATE: wiki/planning/coastal_community_resilience.md ← world-bank-roadmap-fostering-coral-reef-resilience-maldives.md
CREATE: wiki/atolls/marine_spatial_planning.md ← world-bank-roadmap-fostering-coral-reef-resilience-maldives.md
CREATE: wiki/planning/mangrove_ecosystems.md ← world-bank-roadmap-fostering-coral-reef-resilience-maldives.md
CREATE: wiki/ecology/reef_monitoring_systems.md ← world-bank-roadmap-fostering-coral-reef-resilience-maldives.md