INGEST: articles/agoda-maldive-islands-hotels.md → category: planning
INGEST: articles/agoda-maldives-district-hotels.md → category: planning
INGEST: articles/atoll-transfer-faq.md → category: planning
INGEST: articles/atoll-transfer-velana-international-airport.md → category: practical
INGEST: articles/atolls-a-dozen-ways-to-live-like-a-local.md → category: resorts
INGEST: articles/atolls-addu-gastronomy.md → category: atolls
INGEST: articles/atolls-ari-atoll-connectivity.md → category: atolls
INGEST: articles/atolls-guest-house-culture-in-maldives.md → category: resorts
INGEST: articles/audley-best-time-to-visit-maldives.md → category: planning
INGEST: articles/banyan-tree-vabbinfaru-sustainability.md → category: resorts
INGEST: articles/big-fish-network-maldives-whale-shark-research.md → category: ecology
INGEST: articles/bluewater-liveaboard-diving-guide-2026.md → category: diving
INGEST: articles/booking-maldives-resorts.md → category: resorts
INGEST: articles/budget-maldives-local-islands-and-guesthouses.md → category: planning
INGEST: articles/club-med-best-time-to-visit-maldives.md → category: planning
INGEST: articles/conde-nast-traveler-best-hotels-in-the-maldives.md → category: resorts
INGEST: articles/conde-nast-traveler-best-time-to-visit-maldives.md → category: planning
INGEST: articles/culture-trip-maldives-guides-and-trips.md → category: diving
INGEST: articles/dreaming-of-maldives-guesthouses.md → category: planning
INGEST: articles/earthcheck-four-seasons-maldives-sustainable-luxury.md → category: planning
INGEST: articles/enchanting-travels-best-time-to-visit-maldives-by-month.md → category: planning
INGEST: articles/etravelsim-most-affordable-hotels-maldives.md → category: planning
INGEST: articles/fao-reef-fish-resources-survey-maldives.md → category: atolls
INGEST: articles/forbes-travel-guide-maldives-luxury-hotels.md → category: resorts
INGEST: articles/goway-best-time-to-visit-maldives.md → category: planning
INGEST: articles/green-globe-maldives-certification-members.md → category: resorts
INGEST: articles/iucn-coral-bleaching-maldives-2016.md → category: ecology
INGEST: articles/lonely-planet-maldives-destination-guide.md → category: diving
INGEST: articles/maldives-airport-velana-international-airport.md → category: diving
INGEST: articles/maldives-complete-travel-guide.md → category: diving
INGEST: articles/maldives-how-to-dress-in-the-maldives.md → category: diving
INGEST: articles/maldives-things-to-pack-for-the-maldives.md → category: practical
INGEST: articles/maldives-whale-shark-research-programme-home.md → category: ecology
INGEST: articles/maldives-whale-shark-research-programme-research-overview.md → category: ecology
INGEST: articles/manta-trust-armstrong-et-al-2021-hanifaru-bay.md → category: ecology
INGEST: articles/manta-trust-home.md → category: ecology
INGEST: articles/manta-trust-learning-about-zooplankton-hanifaru-bay.md → category: ecology
INGEST: articles/mw-tourism-best-time-to-visit-maldives-seasonal-guide.md → category: planning
INGEST: articles/national-geographic-maldives-travel-guide.md → category: diving
INGEST: articles/nature-coastal-flooding-and-sea-level-rise-allowances-atoll-island.md → category: atolls
INGEST: articles/noaa-coral-reef-watch-global-coral-bleaching-2014-2017-status.md → category: ecology
INGEST: articles/noaa-coral-reef-watch-maldives-gauge.md → category: ecology
INGEST: articles/noaa-fourth-global-coral-bleaching-event.md → category: ecology
INGEST: articles/oaga-resorts-best-season-to-travel-maldives.md → category: planning
INGEST: articles/padi-diving-in-the-maldives.md → category: ecology
INGEST: articles/pickyourtrail-maldives-tourism-guide.md → category: planning
INGEST: articles/pmc-patterns-of-change-coral-reef-communities-maldivian-atoll.md → category: ecology
INGEST: articles/responsible-vacation-best-time-to-visit-maldives.md → category: planning
INGEST: articles/rough-guides-maldives-travel-guide.md → category: atolls
INGEST: articles/sciencedirect-coral-resilience-maldives-19-years.md → category: ecology
INGEST: articles/scuba-diving-guide-to-maldives.md → category: diving
INGEST: articles/secret-paradise-maldives-top-10-travel-questions.md → category: diving
INGEST: articles/six-senses-laamu-sustainability.md → category: resorts
INGEST: articles/smithsonian-status-coral-reef-fishery-central-maldives.md → category: ecology
INGEST: articles/soneva-sustainable-hospitality-alliance-membership.md → category: resorts
INGEST: articles/travel-and-leisure-best-all-inclusive-resorts-maldives.md → category: resorts
INGEST: articles/travel-and-leisure-best-time-to-visit-maldives.md → category: planning
INGEST: articles/tripadvisor-cheap-resorts-maldives.md → category: resorts
INGEST: articles/tripadvisor-maldives-forum.md → category: diving
INGEST: articles/undp-maldives-climate-change-adaptation.md → category: ecology
INGEST: articles/unesco-baa-atoll-biosphere-reserve.md → category: atolls
INGEST: articles/visit-maldives-baa-atoll-biosphere-reserve.md → category: atolls
INGEST: articles/visit-maldives-connectivity.md → category: diving
INGEST: articles/visit-maldives-culture-and-traditions.md → category: practical
INGEST: articles/visit-maldives-eat-like-a-local.md → category: resorts
INGEST: articles/visit-maldives-encounters-with-the-majestic-manta-rays.md → category: ecology
INGEST: articles/visit-maldives-guesthouses-directory.md → category: resorts
INGEST: articles/visit-maldives-magic-of-maldivian-hospitality.md → category: resorts
INGEST: articles/visit-maldives-maldivian-cuisine-rich-tastes-and-flavors.md → category: practical
INGEST: articles/visit-maldives-must-try-maldivian-cuisine.md → category: practical
INGEST: articles/visit-maldives-official-tourism-homepage.md → category: diving
INGEST: articles/visit-maldives-qa-with-mwsrp.md → category: ecology
INGEST: articles/visit-maldives-radisson-blu-resort-maldives-transfer.md → category: resorts
INGEST: articles/visit-maldives-travel-information.md → category: diving
INGEST: articles/wandering-redhead-maldives-all-budgets.md → category: planning
INGEST: articles/whimsy-soul-how-to-visit-the-maldives.md → category: planning
INGEST: articles/world-bank-maldives-climate-risk-country-profile.md → category: ecology
INGEST: articles/world-bank-quantitative-risk-assessment-sea-level-rise-coastal-flooding-maldives.md → category: ecology
INGEST: articles/world-bank-roadmap-fostering-coral-reef-resilience-maldives.md → category: ecology