
--- 2026-04-23T10:51:28.485939 ---
Q: Which atolls are best for manta ray viewing and when?

A: # Best Atolls for Manta Ray Viewing in the Maldives

## Top Locations

### Baa Atoll — The Premier Destination
Baa Atoll is the standout location for manta ray encounters. Within it, **Hanifaru Bay** is described as "the largest known aggregation site for reef manta rays," with **over 250 individual manta rays identified** and congregations of **up to 100 rays documented in a single gathering**. The bay's geometry, currents, and tidal patterns naturally trap and concentrate zooplankton, triggering mass feeding events.

Baa Atoll is also a **UNESCO Biosphere Reserve** (designated 2011), and Hanifaru Bay itself is a designated marine protected area.

### Ari Atoll
Ari Atoll (including **South Ari Marine Park**) is cited as one of the primary regions for manta ray encounters during peak season, alongside Baa and North Malé atolls. South Ari Marine Park also sustains **consistent sightings year-round**, making it a reliable alternative.

### North Malé Atoll
Also listed as a primary region for manta encounters during the May–November peak window.

---

## Best Time to Visit

There is a clear seasonal pattern driven by zooplankton availability:

| Period | Conditions |
|---|---|
| **August–November** | Peak manta ray season; monsoon currents concentrate nutrient-rich zooplankton |
| **September–October** | Particularly strong sightings; plankton blooms at their height |
| **January–March** | Good visibility, manta encounters possible but less frequent |

The science behind this is specific: manta rays at Hanifaru Bay switch to active feeding only when **zooplankton biomass exceeds 53.7 mg dry mass per cubic meter** — a threshold reliably reached during the **southwest monsoon season** when tidal cycles concentrate plankton in the bay.

---

## Trade-Off: Wildlife vs. Visibility

| Priority | Best Season |
|---|---|
| **Maximum manta encounters** | August–November (wetter, lower visibility) |
| **Best underwater clarity** | January–April (fewer mantas, visibility up to 40 metres) |
| **Balance of both** | October–November (improving weather + peak wildlife) |

---

## Practical Tip
The Maldives hosts **the world's largest recorded reef manta ray population**, based on 15 years of Manta Trust data. Visitors can contribute to conservation by **submitting encounter photographs** to the Manta Trust ID database.

---

### Sources
- [[Manta Ray Conservation]]
- [[Manta Rays in the Maldives]]
- [[Hanifaru Bay]]
- [[Baa Atoll]]
- [[Whale Shark and Manta Ray Season]]
- [[Reef Manta Ray Feeding Behavior]]
- [[Zooplankton and Marine Nutrition]]
- [[Scuba Diving in the Maldives]]

--- 2026-04-23T10:51:50.057732 ---
Q: What's the sustainability paradox of visiting the Maldives?

A: The wiki touches on several dimensions of this paradox, though it doesn't use that exact phrase. Here is how the tension emerges from the available information:

## The Core Paradox

**The Maldives depends on tourism to survive — but tourism threatens the very ecosystem that makes it worth visiting.**

### The Ecological Stakes Are Enormous
- **72% of land** is at or below 1.5 m above mean sea level, making the islands acutely vulnerable to climate-driven sea level rise
- **~36% of buildings** sit within 100 m of the shoreline
- Coral reefs — the foundation of the entire destination — face repeated thermal bleaching events, with a current **Bleaching Warning alert level** from NOAA monitoring
- Reef loss cascades into fisheries collapse, coastal erosion, and tourism decline simultaneously

### Tourism Is Both Problem and Solution
- The Maldives has been named **World's Leading Green Destination for 2024 and 2025**, yet the destination is only reachable by long-haul international flights — themselves a major source of carbon emissions (the wiki doesn't quantify this directly)
- Resort operations consume significant energy, water, and resources on fragile small islands
- Yet tourism revenue funds conservation programs that arguably couldn't exist otherwise:
  - Four Seasons resorts have planted **500,000+ coral fragments** since 2001
  - Six Senses Laamu grows **10,000 baby corals annually** and has released **2.86 million coral larvae**
  - Banyan Tree Vabbinfaru achieved a **75% reduction in single-use plastic** and maintains a coral rope nursery
  - The Maldives Whale Shark Research Programme — which created the country's **largest marine protected area** — is supported partly through tourist engagement and citizen science

### The Certification Landscape Adds Complexity
There are **46 Green Globe-certified resorts**, EarthCheck-certified properties, and Forbes "Responsible Hospitality Verified" listings — signaling genuine effort. But certification levels vary widely (Platinum, Gold, Certified), and the wiki notes some resorts are "listed as members but have not yet completed final certification," suggesting greenwashing risk exists alongside genuine leadership.

### Budget vs. Luxury Dimension
- Luxury resorts often have the **resources to fund conservation** programs but carry higher per-guest footprints in infrastructure and transport
- Budget guesthouses on local islands like **Maafushi** ($60–$120/night) integrate visitors into working communities and support local economies more directly — but organized excursions "can still be expensive" and the underlying flight carbon cost is identical regardless of where you stay

---

## What the Wiki Doesn't Cover
The knowledge base doesn't include data on **per-trip carbon footprints**, **flight emission calculations**, or direct comparisons of the ecological cost of visiting versus not visiting. Adding sources on aviation emissions and net tourism impact assessments would sharpen this analysis considerably.

---

**Sources**
- [[Sea Level Rise and Coastal Flooding in Maldives]]
- [[Coral Bleaching in the Maldives]]
- [[Coral Restoration in the Maldives]]
- [[Maldives Whale Shark Research Programme]]
- [[South Ari Marine Protected Area]]
- [[Green Globe Certification]]
- [[EarthCheck Certification]]
- [[Responsible Hospitality in Maldives Resorts]]
- [[Budget Accommodation in the Maldives]]
- [[Maldives Guesthouses]]
- [[Sustainable Tourism in Maldives]]
